[2024-12-10 04:42:52 : INFO] - Cache for URL: https://wp-plantrium.jaythree.dev/design-service/ has been purged, triggered by action: save_post 
[2024-12-10 04:42:52 : INFO] - Cache for URL: https://wp-plantrium.jaythree.dev/design-service/ has been purged, triggered by action: save_post 
[2024-12-10 04:42:52 : INFO] - Cache for URL: https://wp-plantrium.jaythree.dev/design-service/ has been purged, triggered by action: save_post 
[2024-12-10 04:45:39 : INFO] - Cache for URL: https://wp-plantrium.jaythree.dev/design-service/ has been purged, triggered by action: save_post 
[2024-12-10 04:45:39 : INFO] - Cache for URL: https://wp-plantrium.jaythree.dev/design-service/ has been purged, triggered by action: save_post 
[2024-12-10 04:45:39 : INFO] - Cache for URL: https://wp-plantrium.jaythree.dev/design-service/ has been purged, triggered by action: save_post 
[2024-12-10 05:33:57 : INFO] - Cache for URL: https://wp-plantrium.jaythree.dev/design-service/ has been purged, triggered by action: save_post 
[2024-12-10 05:33:57 : INFO] - Cache for URL: https://wp-plantrium.jaythree.dev/design-service/ has been purged, triggered by action: save_post 
[2024-12-10 05:33:57 : INFO] - Cache for URL: https://wp-plantrium.jaythree.dev/design-service/ has been purged, triggered by action: save_post 
[2024-12-10 05:42:37 : INFO] - Cache for URL: https://wp-plantrium.jaythree.dev/design-service/ has been purged, triggered by action: save_post 
[2024-12-10 05:42:37 : INFO] - Cache for URL: https://wp-plantrium.jaythree.dev/design-service/ has been purged, triggered by action: save_post 
[2024-12-10 05:42:37 : INFO] - Cache for URL: https://wp-plantrium.jaythree.dev/design-service/ has been purged, triggered by action: save_post 
[2024-12-10 05:43:07 : INFO] - Cache for URL: https://wp-plantrium.jaythree.dev/design-service/ has been purged, triggered by action: save_post 
[2024-12-10 05:43:07 : INFO] - Cache for URL: https://wp-plantrium.jaythree.dev/design-service/ has been purged, triggered by action: save_post 
[2024-12-10 05:43:07 : INFO] - Cache for URL: https://wp-plantrium.jaythree.dev/design-service/ has been purged, triggered by action: save_post 
[2024-12-10 05:45:08 : INFO] - Cache for URL: https://wp-plantrium.jaythree.dev/design-service/ has been purged, triggered by action: save_post 
[2024-12-10 05:45:09 : INFO] - Cache for URL: https://wp-plantrium.jaythree.dev/design-service/ has been purged, triggered by action: save_post 
[2024-12-10 05:45:09 : INFO] - Cache for URL: https://wp-plantrium.jaythree.dev/design-service/ has been purged, triggered by action: save_post 
[2024-12-10 06:23:36 : INFO] - Cache for URL: https://wp-plantrium.jaythree.dev/design-service/ has been purged, triggered by action: save_post 
[2024-12-10 06:23:36 : INFO] - Cache for URL: https://wp-plantrium.jaythree.dev/design-service/ has been purged, triggered by action: save_post 
[2024-12-10 06:23:36 : INFO] - Cache for URL: https://wp-plantrium.jaythree.dev/design-service/ has been purged, triggered by action: save_post 
[2024-12-10 06:25:38 : INFO] - Cache for URL: https://wp-plantrium.jaythree.dev/design-service/ has been purged, triggered by action: save_post 
[2024-12-10 06:25:38 : INFO] - Cache for URL: https://wp-plantrium.jaythree.dev/design-service/ has been purged, triggered by action: save_post 
[2024-12-10 06:25:38 : INFO] - Cache for URL: https://wp-plantrium.jaythree.dev/design-service/ has been purged, triggered by action: save_post 
[2024-12-10 06:35:49 : INFO] - Cache for URL: https://wp-plantrium.jaythree.dev/design-service/ has been purged, triggered by action: save_post 
[2024-12-10 06:35:49 : INFO] - Cache for URL: https://wp-plantrium.jaythree.dev/design-service/ has been purged, triggered by action: save_post 
[2024-12-10 06:35:49 : INFO] - Cache for URL: https://wp-plantrium.jaythree.dev/design-service/ has been purged, triggered by action: save_post 
[2024-12-10 06:37:04 : INFO] - Cache for URL: https://wp-plantrium.jaythree.dev/?elementor_library=interior-hero has been purged, triggered by action: save_post 
[2024-12-10 06:37:04 : INFO] - Cache for URL: https://wp-plantrium.jaythree.dev/?elementor_library=interior-hero has been purged, triggered by action: save_post 
[2024-12-10 06:37:04 : INFO] - Cache for URL: https://wp-plantrium.jaythree.dev/?elementor_library=interior-hero has been purged, triggered by action: save_post 
[2024-12-10 06:37:50 : INFO] - Cache for URL: https://wp-plantrium.jaythree.dev/?elementor_library=informational-block has been purged, triggered by action: save_post 
[2024-12-10 06:37:50 : INFO] - Cache for URL: https://wp-plantrium.jaythree.dev/?elementor_library=informational-block has been purged, triggered by action: save_post 
[2024-12-10 06:37:51 : INFO] - Cache for URL: https://wp-plantrium.jaythree.dev/?elementor_library=informational-block has been purged, triggered by action: save_post 
[2024-12-10 06:38:04 : INFO] - Cache for URL: https://wp-plantrium.jaythree.dev/?elementor_library=cta-section has been purged, triggered by action: save_post 
[2024-12-10 06:38:04 : INFO] - Cache for URL: https://wp-plantrium.jaythree.dev/?elementor_library=cta-section has been purged, triggered by action: save_post 
[2024-12-10 06:38:04 : INFO] - Cache for URL: https://wp-plantrium.jaythree.dev/?elementor_library=cta-section has been purged, triggered by action: save_post 
[2024-12-10 06:39:32 : INFO] - Cache for URL: https://wp-plantrium.jaythree.dev/design-service/ has been purged, triggered by action: save_post 
[2024-12-10 06:39:33 : INFO] - Cache for URL: https://wp-plantrium.jaythree.dev/design-service/ has been purged, triggered by action: save_post 
[2024-12-10 06:39:33 : INFO] - Cache for URL: https://wp-plantrium.jaythree.dev/design-service/ has been purged, triggered by action: save_post 
[2024-12-10 06:39:55 : INFO] - Cache for URL: https://wp-plantrium.jaythree.dev/design-service/ has been purged, triggered by action: save_post 
[2024-12-10 06:39:55 : INFO] - Cache for URL: https://wp-plantrium.jaythree.dev/design-service/ has been purged, triggered by action: save_post 
[2024-12-10 06:39:55 : INFO] - Cache for URL: https://wp-plantrium.jaythree.dev/design-service/ has been purged, triggered by action: save_post 
[2024-12-10 06:47:44 : INFO] - Cache for URL: https://wp-plantrium.jaythree.dev/?elementor_library=default-kit has been purged, triggered by action: save_post 
[2024-12-10 06:47:44 : INFO] - Cache for URL: https://wp-plantrium.jaythree.dev/?elementor_library=default-kit has been purged, triggered by action: save_post 
[2024-12-10 06:47:44 : INFO] - Cache for URL: https://wp-plantrium.jaythree.dev/?elementor_library=default-kit has been purged, triggered by action: save_post 
[2024-12-10 06:55:07 : INFO] - Cache for URL: https://wp-plantrium.jaythree.dev/about-us/ has been purged, triggered by action: save_post 
[2024-12-10 06:55:07 : INFO] - Cache for URL: https://wp-plantrium.jaythree.dev/about-us/ has been purged, triggered by action: save_post 
[2024-12-10 06:55:07 : INFO] - Cache for URL: https://wp-plantrium.jaythree.dev/about-us/ has been purged, triggered by action: save_post 
[2024-12-10 06:57:28 : INFO] - Cache for URL: https://wp-plantrium.jaythree.dev/?elementor_library=buttons has been purged, triggered by action: save_post 
[2024-12-10 06:57:28 : INFO] - Cache for URL: https://wp-plantrium.jaythree.dev/?elementor_library=buttons has been purged, triggered by action: save_post 
[2024-12-10 06:57:28 : INFO] - Cache for URL: https://wp-plantrium.jaythree.dev/?elementor_library=buttons has been purged, triggered by action: save_post 
[2024-12-10 06:57:39 : INFO] - Cache for URL: https://wp-plantrium.jaythree.dev/about-us/ has been purged, triggered by action: save_post 
[2024-12-10 06:57:39 : INFO] - Cache for URL: https://wp-plantrium.jaythree.dev/about-us/ has been purged, triggered by action: save_post 
[2024-12-10 06:57:39 : INFO] - Cache for URL: https://wp-plantrium.jaythree.dev/about-us/ has been purged, triggered by action: save_post 
[2024-12-10 06:58:32 : INFO] - Cache for URL: https://wp-plantrium.jaythree.dev/?post_type=elementor_library&p=220 has been purged, triggered by action: save_post 
[2024-12-10 07:15:38 : INFO] - Cache for URL: https://wp-plantrium.jaythree.dev/?elementor_library=footer has been purged, triggered by action: save_post 
[2024-12-10 07:15:38 : INFO] - Cache for URL: https://wp-plantrium.jaythree.dev/?elementor_library=footer has been purged, triggered by action: save_post 
[2024-12-10 07:15:38 : INFO] - Cache for URL: https://wp-plantrium.jaythree.dev/?elementor_library=footer has been purged, triggered by action: save_post 
[2024-12-10 07:52:15 : INFO] - Cache for URL: https://wp-plantrium.jaythree.dev/about-us/ has been purged, triggered by action: save_post 
[2024-12-10 07:52:16 : INFO] - Cache for URL: https://wp-plantrium.jaythree.dev/about-us/ has been purged, triggered by action: save_post 
[2024-12-10 07:52:16 : INFO] - Cache for URL: https://wp-plantrium.jaythree.dev/about-us/ has been purged, triggered by action: save_post 
[2024-12-10 07:53:53 : INFO] - Cache for URL: https://wp-plantrium.jaythree.dev/design-service/ has been purged, triggered by action: save_post 
[2024-12-10 07:53:53 : INFO] - Cache for URL: https://wp-plantrium.jaythree.dev/design-service/ has been purged, triggered by action: save_post 
[2024-12-10 07:53:53 : INFO] - Cache for URL: https://wp-plantrium.jaythree.dev/design-service/ has been purged, triggered by action: save_post 
[2024-12-10 07:55:45 : INFO] - Cache for URL: https://wp-plantrium.jaythree.dev/design-service/ has been purged, triggered by action: save_post 
[2024-12-10 07:55:45 : INFO] - Cache for URL: https://wp-plantrium.jaythree.dev/design-service/ has been purged, triggered by action: save_post 
[2024-12-10 07:55:45 : INFO] - Cache for URL: https://wp-plantrium.jaythree.dev/design-service/ has been purged, triggered by action: save_post 
[2024-12-10 07:55:59 : INFO] - Cache for URL: https://wp-plantrium.jaythree.dev/design-service/ has been purged, triggered by action: save_post 
[2024-12-10 07:55:59 : INFO] - Cache for URL: https://wp-plantrium.jaythree.dev/design-service/ has been purged, triggered by action: save_post 
[2024-12-10 07:55:59 : INFO] - Cache for URL: https://wp-plantrium.jaythree.dev/design-service/ has been purged, triggered by action: save_post 
[2024-12-10 07:56:18 : INFO] - Cache for URL: https://wp-plantrium.jaythree.dev/design-service/ has been purged, triggered by action: save_post 
[2024-12-10 07:56:18 : INFO] - Cache for URL: https://wp-plantrium.jaythree.dev/design-service/ has been purged, triggered by action: save_post 
[2024-12-10 07:56:18 : INFO] - Cache for URL: https://wp-plantrium.jaythree.dev/design-service/ has been purged, triggered by action: save_post 
[2024-12-10 07:56:42 : INFO] - Cache for URL: https://wp-plantrium.jaythree.dev/about-us/ has been purged, triggered by action: save_post 
[2024-12-10 07:56:42 : INFO] - Cache for URL: https://wp-plantrium.jaythree.dev/about-us/ has been purged, triggered by action: save_post 
[2024-12-10 07:56:42 : INFO] - Cache for URL: https://wp-plantrium.jaythree.dev/about-us/ has been purged, triggered by action: save_post 
[2024-12-10 08:05:17 : INFO] - Cache for URL: https://wp-plantrium.jaythree.dev/about-us/ has been purged, triggered by action: save_post 
[2024-12-10 08:05:17 : INFO] - Cache for URL: https://wp-plantrium.jaythree.dev/about-us/ has been purged, triggered by action: save_post 
[2024-12-10 08:05:17 : INFO] - Cache for URL: https://wp-plantrium.jaythree.dev/about-us/ has been purged, triggered by action: save_post 
[2024-12-10 08:30:23 : INFO] - Cache for URL: https://wp-plantrium.jaythree.dev/about-us/ has been purged, triggered by action: save_post 
[2024-12-10 08:30:23 : INFO] - Cache for URL: https://wp-plantrium.jaythree.dev/about-us/ has been purged, triggered by action: save_post 
[2024-12-10 08:30:23 : INFO] - Cache for URL: https://wp-plantrium.jaythree.dev/about-us/ has been purged, triggered by action: save_post 
[2024-12-10 08:48:01 : INFO] - Cache for URL: https://wp-plantrium.jaythree.dev/solutions/ has been purged, triggered by action: save_post 
[2024-12-10 08:48:01 : INFO] - Cache for URL: https://wp-plantrium.jaythree.dev/solutions/ has been purged, triggered by action: save_post 
[2024-12-10 08:48:01 : INFO] - Cache for URL: https://wp-plantrium.jaythree.dev/solutions/ has been purged, triggered by action: save_post 
[2024-12-10 08:50:17 : INFO] - Cache for URL: https://wp-plantrium.jaythree.dev/contact/ has been purged, triggered by action: save_post 
[2024-12-10 08:50:17 : INFO] - Cache for URL: https://wp-plantrium.jaythree.dev/contact/ has been purged, triggered by action: save_post 
[2024-12-10 08:50:17 : INFO] - Cache for URL: https://wp-plantrium.jaythree.dev/contact/ has been purged, triggered by action: save_post 
[2024-12-10 08:50:45 : INFO] - Cache for URL: https://wp-plantrium.jaythree.dev/?elementor_library=testimonials has been purged, triggered by action: save_post 
[2024-12-10 08:50:45 : INFO] - Cache for URL: https://wp-plantrium.jaythree.dev/?elementor_library=testimonials has been purged, triggered by action: save_post 
[2024-12-10 08:50:45 : INFO] - Cache for URL: https://wp-plantrium.jaythree.dev/?elementor_library=testimonials has been purged, triggered by action: save_post 
[2024-12-10 08:54:29 : INFO] - Cache for URL: https://wp-plantrium.jaythree.dev/contact/ has been purged, triggered by action: save_post 
[2024-12-10 08:54:29 : INFO] - Cache for URL: https://wp-plantrium.jaythree.dev/contact/ has been purged, triggered by action: save_post 
[2024-12-10 08:54:30 : INFO] - Cache for URL: https://wp-plantrium.jaythree.dev/contact/ has been purged, triggered by action: save_post 
[2024-12-10 08:59:51 : INFO] - Cache for URL: https://wp-plantrium.jaythree.dev/contact/ has been purged, triggered by action: save_post 
[2024-12-10 08:59:52 : INFO] - Cache for URL: https://wp-plantrium.jaythree.dev/contact/ has been purged, triggered by action: save_post 
[2024-12-10 08:59:52 : INFO] - Cache for URL: https://wp-plantrium.jaythree.dev/contact/ has been purged, triggered by action: save_post 
[2024-12-10 09:09:48 : INFO] - Cache for URL: https://wp-plantrium.jaythree.dev/contact/ has been purged, triggered by action: save_post 
[2024-12-10 09:09:48 : INFO] - Cache for URL: https://wp-plantrium.jaythree.dev/contact/ has been purged, triggered by action: save_post 
[2024-12-10 09:09:48 : INFO] - Cache for URL: https://wp-plantrium.jaythree.dev/contact/ has been purged, triggered by action: save_post 
[2024-12-10 09:12:36 : INFO] - Cache for URL: https://wp-plantrium.jaythree.dev/contact/ has been purged, triggered by action: save_post 
[2024-12-10 09:12:36 : INFO] - Cache for URL: https://wp-plantrium.jaythree.dev/contact/ has been purged, triggered by action: save_post 
[2024-12-10 09:12:36 : INFO] - Cache for URL: https://wp-plantrium.jaythree.dev/contact/ has been purged, triggered by action: save_post 
[2024-12-10 09:14:04 : INFO] - Cache for URL: https://wp-plantrium.jaythree.dev/contact/ has been purged, triggered by action: save_post 
[2024-12-10 09:14:04 : INFO] - Cache for URL: https://wp-plantrium.jaythree.dev/contact/ has been purged, triggered by action: save_post 
[2024-12-10 09:14:04 : INFO] - Cache for URL: https://wp-plantrium.jaythree.dev/contact/ has been purged, triggered by action: save_post 
[2024-12-10 09:19:01 : INFO] - Cache for URL: https://wp-plantrium.jaythree.dev/contact/ has been purged, triggered by action: save_post 
[2024-12-10 09:19:01 : INFO] - Cache for URL: https://wp-plantrium.jaythree.dev/contact/ has been purged, triggered by action: save_post 
[2024-12-10 09:19:01 : INFO] - Cache for URL: https://wp-plantrium.jaythree.dev/contact/ has been purged, triggered by action: save_post 
[2024-12-10 09:23:49 : INFO] - Cache for URL: https://wp-plantrium.jaythree.dev/home/ has been purged, triggered by action: save_post 
[2024-12-10 09:23:49 : INFO] - Cache for URL: https://wp-plantrium.jaythree.dev/home/ has been purged, triggered by action: save_post 
[2024-12-10 09:23:49 : INFO] - Cache for URL: https://wp-plantrium.jaythree.dev/home/ has been purged, triggered by action: save_post 
[2024-12-10 10:35:32 : INFO] - Cache for URL: https://wp-plantrium.jaythree.dev/home/ has been purged, triggered by action: save_post 
[2024-12-10 10:35:32 : INFO] - Cache for URL: https://wp-plantrium.jaythree.dev/home/ has been purged, triggered by action: save_post 
[2024-12-10 10:35:32 : INFO] - Cache for URL: https://wp-plantrium.jaythree.dev/home/ has been purged, triggered by action: save_post 
[2024-12-10 11:16:28 : INFO] - Cache for URL: https://wp-plantrium.jaythree.dev/home/ has been purged, triggered by action: save_post 
[2024-12-10 11:16:28 : INFO] - Cache for URL: https://wp-plantrium.jaythree.dev/home/ has been purged, triggered by action: save_post 
[2024-12-10 11:16:28 : INFO] - Cache for URL: https://wp-plantrium.jaythree.dev/home/ has been purged, triggered by action: save_post 
[2024-12-10 13:12:29 : INFO] - Cache for URL: https://wp-plantrium.jaythree.dev/home/ has been purged, triggered by action: save_post 
[2024-12-10 13:12:29 : INFO] - Cache for URL: https://wp-plantrium.jaythree.dev/home/ has been purged, triggered by action: save_post 
[2024-12-10 13:12:29 : INFO] - Cache for URL: https://wp-plantrium.jaythree.dev/home/ has been purged, triggered by action: save_post 
[2024-12-10 13:14:08 : INFO] - Cache for homepage has been purged due to change in the Homepage displays options, triggered by action: update_option_page_on_front 
[2024-12-10 13:14:08 : INFO] - Cache for homepage has been purged due to changes in the Posts page options, triggered by action: update_option_page_for_posts 
[2024-12-10 13:20:09 : INFO] - Cache for URL: https://wp-plantrium.jaythree.dev/about-us/ has been purged, triggered by action: save_post 
[2024-12-10 13:20:09 : INFO] - Cache for URL: https://wp-plantrium.jaythree.dev/about-us/ has been purged, triggered by action: save_post 
[2024-12-10 13:20:10 : INFO] - Cache for URL: https://wp-plantrium.jaythree.dev/about-us/ has been purged, triggered by action: save_post 
[2024-12-10 13:22:59 : INFO] - Cache for URL: https://wp-plantrium.jaythree.dev/contact/ has been purged, triggered by action: save_post 
[2024-12-10 13:22:59 : INFO] - Cache for URL: https://wp-plantrium.jaythree.dev/contact/ has been purged, triggered by action: save_post 
[2024-12-10 13:22:59 : INFO] - Cache for URL: https://wp-plantrium.jaythree.dev/contact/ has been purged, triggered by action: save_post 
